service=auth-service level=INFO message="User login successful - user_id=user_123 ip=192.168.1.100 location=Chennai"
service=payment-service level=ERROR message="Stripe API timeout after 5000ms - order_id=ORD-12345 user_id=user_789"
service=order-service level=INFO message="Order created successfully - order_id=ORD-12346 items=3 total=$125.50"
service=payment-service level=ERROR message="Database query timeout - query=SELECT * FROM transactions WHERE user_id=$1 timeout=3000ms"
service=notification-service level=ERROR message="SendGrid API rate limit exceeded - retry_after=60s attempts=5"
service=inventory-service level=WARN message="Low stock alert - product_id=PROD-456 current_stock=5 threshold=10"
service=auth-service level=INFO message="User logged in - session_id=sess_xyz789"
service=payment-service level=ERROR message="Invalid card declined by bank - reason=insufficient_funds card_type=visa"
service=order-service level=INFO message="Order shipped - order_id=ORD-12347 carrier=FedEx tracking=1234567890"
service=auth-service level=ERROR message="Failed login attempt - user_id=user_999 reason=invalid_password attempts=3"
service=payment-service level=WARN message="Payment processing slow - duration=4500ms threshold=3000ms"
service=inventory-service level=INFO message="Stock replenished - product_id=PROD-789 added_quantity=100"
service=payment-service level=ERROR message="Webhook delivery failed - endpoint=https://merchant.com/webhook status=503"
service=notification-service level=INFO message="Email sent successfully - template=order_confirmation"
service=order-service level=ERROR message="Order cancellation failed - order_id=ORD-12349 reason=payment_already_captured"
service=auth-service level=WARN message="Token expiring soon - user_id=user_234 expires_in=5min"
service=payment-service level=INFO message="Refund processed - order_id=ORD-12350 amount=$75.00"
service=notification-service level=ERROR message="SMS delivery failed - provider=Twilio error=invalid_phone_number"
service=inventory-service level=INFO message="Product reserved - product_id=PROD-101 quantity=2"
service=payment-service level=ERROR message="Stripe webhook signature verification failed - webhook_id=whsec_abc123"
service=order-service level=WARN message="Duplicate order attempt detected - user_id=user_567 cart_id=cart_xyz"
service=auth-service level=INFO message="Password reset email sent - user_id=user_890 email=user@example.com"
service=payment-service level=ERROR message="PayPal API error - code=INSTRUMENT_DECLINED message=declined by processor"
service=notification-service level=INFO message="Push notification delivered - user_id=user_111 device=iOS"
service=inventory-service level=WARN message="Stock below reorder point - product_id=PROD-202 current=8 reorder_point=15"
service=auth-service level=ERROR message="Account locked due to suspicious activity - user_id=user_333 reason=multiple_failed_logins"
service=payment-service level=INFO message="Payment captured successfully - transaction_id=txn_456789 amount=$250.00"
service=order-service level=ERROR message="Shipping label generation failed - order_id=ORD-12352 carrier_api=UPS"
service=payment-service level=WARN message="High chargeback rate detected - merchant_id=merch_123 rate=2.5%"
service=auth-service level=INFO message="Two-factor authentication enabled - user_id=user_444 method=authenticator_app"
service=notification-service level=ERROR message="Email bounce received - email=bounce@invalid-domain.com"
service=inventory-service level=INFO message="Inventory sync completed - products_synced=1543 duration=2.3s"
service=payment-service level=ERROR message="Card verification failed - cvv_check=fail avs_check=pass"
service=order-service level=WARN message="Order fulfillment delayed - order_id=ORD-12353 expected=2h actual=4h"
service=auth-service level=INFO message="Session refreshed - user_id=user_555 new_expires=2026-01-24T13:00:00Z"
service=payment-service level=ERROR message="3D Secure authentication failed - transaction_id=txn_789 reason=user_abandoned"
service=notification-service level=INFO message="In-app notification created - user_id=user_666 type=promotional"
service=inventory-service level=WARN message="Oversold item detected - product_id=PROD-303 available=-2"
service=auth-service level=ERROR message="OAuth token exchange failed - provider=Google error=invalid_grant"
service=payment-service level=INFO message="Subscription renewed - subscription_id=sub_123 plan=premium amount=$29.99"
service=order-service level=ERROR message="Tax calculation service unavailable - provider=Avalara timeout=10s"
service=payment-service level=WARN message="Unusual transaction pattern - user_id=user_888 amount=$5000 fraud_score=0.75"
service=auth-service level=INFO message="User profile updated - user_id=user_999 fields=email,phone"
service=notification-service level=ERROR message="Webhook timeout - destination=https://client.com/webhook timeout=5s"
service=inventory-service level=INFO message="Batch import completed - file=inventory_20260124.csv records=2847"
service=payment-service level=ERROR message="Bank API connection refused - bank=HDFC endpoint=/api/v2/payments"
service=order-service level=WARN message="International order requires manual review - order_id=ORD-12354 country=Nigeria"
service=auth-service level=INFO message="API key rotated - client_id=client_abc old_key_revoked=true"
service=payment-service level=ERROR message="Payout failed - recipient_id=seller_456 amount=$1200 reason=invalid_bank_account"
